<?xml version="1.0" encoding="UTF-8"?>
<!-- Generated by org.testng.reporters.JUnitXMLReporter -->
<testsuite hostname="DESKTOP-IC2J1DS" name="Academy Validation" tests="1" failures="1" timestamp="27 May 2019 07:38:11 GMT" time="14.544" errors="0">
  <testcase name="basePageNavigaton" time="6.838" classname="Academy.ValidateTitle">
    <failure type="java.lang.AssertionError" message="expected [FEATURED COURSES123] but found [FEATURED COURSES]">
      <![CDATA[java.lang.AssertionError: expected [FEATURED COURSES123] but found [FEATURED COURSES]
	at Academy.ValidateTitle.basePageNavigaton(ValidateTitle.java:39)
... Removed 30 stack frames]]>
    </failure>
  </testcase> <!-- basePageNavigaton -->
</testsuite> <!-- Academy Validation -->
