<?xml version="1.0" encoding="UTF-8"?>
<!-- Generated by org.testng.reporters.JUnitXMLReporter -->
<testsuite hostname="DESKTOP-IC2J1DS" name="Test" tests="4" failures="0" timestamp="27 May 2019 06:00:45 GMT" time="117.776" errors="0">
  <testcase name="basePageNavigaton" time="25.2" classname="Academy.HomePage"/>
  <testcase name="basePageNavigaton" time="12.034" classname="Academy.HomePage"/>
  <testcase name="basePageNavigaton" time="8.556" classname="Academy.ValidateTitle"/>
  <testcase name="basePageNavigaton" time="41.12" classname="Academy.ValidateNavigationBar"/>
</testsuite> <!-- Test -->
