-------------------------------------------------------------------------------
Test set: TestSuite
-------------------------------------------------------------------------------
Tests run: 4, Failures: 1, Errors: 0, Skipped: 0, Time elapsed: 68.573 s <<< FAILURE! - in TestSuite
basePageNavigaton(Academy.ValidateTitle)  Time elapsed: 11.852 s  <<< FAILURE!
java.lang.AssertionError: expected [FEATURED COURSES123] but found [FEATURED COURSES]
	at Academy.ValidateTitle.basePageNavigaton(ValidateTitle.java:39)

