<?xml version="1.0" encoding="UTF-8"?>
<testng-results skipped="0" failed="0" total="2" passed="2">
  <reporter-output>
  </reporter-output>
  <suite name="Default suite" duration-ms="60184" started-at="2019-06-07T06:13:41Z" finished-at="2019-06-07T06:14:41Z">
    <groups>
    </groups>
    <test name="Default test" duration-ms="60184" started-at="2019-06-07T06:13:41Z" finished-at="2019-06-07T06:14:41Z">
      <class name="Academy.HomePage">
        <test-method status="PASS" signature="intializeBrowser()[pri:0, instance:Academy.HomePage@45c8e616]" name="intializeBrowser" is-config="true" duration-ms="20688" started-at="2019-06-07T11:43:41Z" finished-at="2019-06-07T11:44:01Z">
          <reporter-output>
          </reporter-output>
        </test-method> <!-- intializeBrowser -->
        <test-method status="PASS" signature="basePageNavigaton(java.lang.String, java.lang.String, java.lang.String)[pri:0, instance:Academy.HomePage@45c8e616]" name="basePageNavigaton" duration-ms="22946" started-at="2019-06-07T11:44:01Z" data-provider="getData" finished-at="2019-06-07T11:44:24Z">
          <params>
            <param index="0">
              <value>
                <![CDATA[nonrestricteduser@qw.com]]>
              </value>
            </param>
            <param index="1">
              <value>
                <![CDATA[123456]]>
              </value>
            </param>
            <param index="2">
              <value>
                <![CDATA[Non Restricted user]]>
              </value>
            </param>
          </params>
          <reporter-output>
          </reporter-output>
        </test-method> <!-- basePageNavigaton -->
        <test-method status="PASS" signature="basePageNavigaton(java.lang.String, java.lang.String, java.lang.String)[pri:0, instance:Academy.HomePage@45c8e616]" name="basePageNavigaton" duration-ms="16227" started-at="2019-06-07T11:44:24Z" data-provider="getData" finished-at="2019-06-07T11:44:41Z">
          <params>
            <param index="0">
              <value>
                <![CDATA[restricteduser@qw.com]]>
              </value>
            </param>
            <param index="1">
              <value>
                <![CDATA[45678]]>
              </value>
            </param>
            <param index="2">
              <value>
                <![CDATA[Restricted user]]>
              </value>
            </param>
          </params>
          <reporter-output>
          </reporter-output>
        </test-method> <!-- basePageNavigaton -->
        <test-method status="PASS" signature="terminateBrowser()[pri:0, instance:Academy.HomePage@45c8e616]" name="terminateBrowser" is-config="true" duration-ms="289" started-at="2019-06-07T11:44:41Z" finished-at="2019-06-07T11:44:41Z">
          <reporter-output>
          </reporter-output>
        </test-method> <!-- terminateBrowser -->
      </class> <!-- Academy.HomePage -->
    </test> <!-- Default test -->
  </suite> <!-- Default suite -->
</testng-results>
